<?xml version="1.0" encoding="UTF-8"?>
<!-- Generated by org.testng.reporters.JUnitReportReporter -->
<testsuite hostname="TIBERCTRVM11" failures="0" tests="1" name="com.testCases.ManagementCenter_TreeItemCountInTable_Test_02" time="793.868" errors="0" timestamp="2022-03-21T21:12:50 EDT" skipped="0">
  <testcase classname="com.testCases.ManagementCenter_TreeItemCountInTable_Test_02" name="ManagementCenter_TreeItemCountInTable" time="793.868"/>
  <system-out/>
</testsuite> <!-- com.testCases.ManagementCenter_TreeItemCountInTable_Test_02 -->
