<?xml version="1.0" encoding="UTF-8"?>
<!-- Generated by org.testng.reporters.JUnitReportReporter -->
<testsuite hostname="TIBERCTRVM11" failures="0" tests="1" name="com.smms.testCases.BladeValidationTest03" time="67.364" errors="0" timestamp="2022-02-27T21:12:22 EST" skipped="0">
  <testcase classname="com.smms.testCases.BladeValidationTest03" name="sample" time="67.364"/>
  <system-out/>
</testsuite> <!-- com.smms.testCases.BladeValidationTest03 -->
