<?xml version="1.0" encoding="UTF-8"?>
<!-- Generated by org.testng.reporters.JUnitReportReporter -->
<testsuite hostname="TIBERCTRVM11" failures="0" tests="1" name="com.smms.testCases.SMMS_LoninTest" time="0.010" errors="0" timestamp="2021-12-28T14:47:58 EST" skipped="0">
  <testcase classname="com.smms.testCases.SMMS_LoninTest" name="LoginTOSMMS" time="0.010"/>
  <system-out/>
</testsuite> <!-- com.smms.testCases.SMMS_LoninTest -->
