<?xml version="1.0" encoding="UTF-8"?>
<!-- Generated by org.testng.reporters.JUnitReportReporter -->
<testsuite hostname="TIBERCTRVM11" failures="0" tests="1" name="com.smms.testCases.ManagementCenter_TreeItemCountInTable_Test_02" time="431.169" errors="0" timestamp="2022-02-27T23:37:38 EST" skipped="0">
  <testcase classname="com.smms.testCases.ManagementCenter_TreeItemCountInTable_Test_02" name="ManagementCenter_TreeItemCountInTable" time="431.169"/>
  <system-out/>
</testsuite> <!-- com.smms.testCases.ManagementCenter_TreeItemCountInTable_Test_02 -->
