<?xml version="1.0" encoding="UTF-8"?>
<!-- Generated by org.testng.reporters.JUnitReportReporter -->
<testsuite hostname="TIBERCTRVM11" failures="0" tests="1" name="com.smms.testCases.AdminCenterTest_03" time="29.606" errors="0" timestamp="2022-01-25T11:59:33 EST" skipped="0">
  <testcase classname="com.smms.testCases.AdminCenterTest_03" name="AdminBld" time="29.606"/>
  <system-out/>
</testsuite> <!-- com.smms.testCases.AdminCenterTest_03 -->
