<?xml version="1.0" encoding="UTF-8"?>
<!-- Generated by org.testng.reporters.JUnitReportReporter -->
<testsuite hostname="TIBERCTRVM11" failures="0" tests="1" name="com.smms.testCases.LoginTest_01" time="37.993" errors="0" timestamp="2022-02-25T12:39:08 EST" skipped="0">
  <testcase classname="com.smms.testCases.LoginTest_01" name="LoginToSMMS" time="37.993"/>
  <system-out/>
</testsuite> <!-- com.smms.testCases.LoginTest_01 -->
