<?xml version="1.0" encoding="UTF-8"?>
<!-- Generated by org.testng.reporters.JUnitReportReporter -->
<testsuite hostname="TIBERCTRVM11" failures="0" tests="1" name="com.smms.testCases.SMMS_WorkBuckets_i_and_ii_ClickingOnAllLinksAndSeePanel2opensAndMatchCounts" time="228.106" errors="0" timestamp="2022-01-09T22:17:53 EST" skipped="0">
  <testcase classname="com.smms.testCases.SMMS_WorkBuckets_i_and_ii_ClickingOnAllLinksAndSeePanel2opensAndMatchCounts" name="sample" time="228.106"/>
  <system-out/>
</testsuite> <!-- com.smms.testCases.SMMS_WorkBuckets_i_and_ii_ClickingOnAllLinksAndSeePanel2opensAndMatchCounts -->
