<?xml version="1.0" encoding="UTF-8"?>
<!-- Generated by org.testng.reporters.JUnitReportReporter -->
<testsuite hostname="TIBERCTRVM11" failures="0" tests="1" name="com.smms.testCases.SMMS_LoginTest" time="4.181" errors="0" timestamp="2022-01-14T23:58:35 EST" skipped="0">
  <testcase classname="com.smms.testCases.SMMS_LoginTest" name="LoginToSMMS" time="4.181"/>
  <system-out/>
</testsuite> <!-- com.smms.testCases.SMMS_LoginTest -->
