<?xml version="1.0" encoding="UTF-8"?>
<!-- Generated by org.testng.reporters.JUnitReportReporter -->
<testsuite hostname="TIBERCTRVM11" failures="0" tests="1" name="com.smms.testCases.SMMS_HomePage_PendingActionsTest" time="120.353" errors="0" timestamp="2022-01-19T13:19:24 EST" skipped="0">
  <testcase classname="com.smms.testCases.SMMS_HomePage_PendingActionsTest" name="sample" time="120.353"/>
  <system-out/>
</testsuite> <!-- com.smms.testCases.SMMS_HomePage_PendingActionsTest -->
