<?xml version="1.0" encoding="UTF-8"?>
<!-- Generated by org.testng.reporters.JUnitReportReporter -->
<testsuite hostname="TIBERCTRVM11" failures="0" tests="1" name="com.smms.testCases.Multi_ManagementCenter_Test_02" time="203.846" errors="0" timestamp="2022-02-27T20:14:21 EST" skipped="0">
  <testcase classname="com.smms.testCases.Multi_ManagementCenter_Test_02" name="sample" time="203.846"/>
  <system-out/>
</testsuite> <!-- com.smms.testCases.Multi_ManagementCenter_Test_02 -->
