<?xml version="1.0" encoding="UTF-8"?>
<!-- Generated by org.testng.reporters.JUnitReportReporter -->
<testsuite hostname="TIBERCTRVM11" failures="0" tests="1" name="com.smms.testCases.RMS_ManagementCenter_Test_02" time="170.843" errors="0" timestamp="2022-01-28T15:13:02 EST" skipped="0">
  <testcase classname="com.smms.testCases.RMS_ManagementCenter_Test_02" name="sample" time="170.843"/>
  <system-out/>
</testsuite> <!-- com.smms.testCases.RMS_ManagementCenter_Test_02 -->
