<?xml version="1.0" encoding="UTF-8"?>
<!-- Generated by org.testng.reporters.JUnitReportReporter -->
<testsuite hostname="TIBERCTRVM11" failures="0" tests="1" name="com.smms.testCases.SMMS_LoginTest_01" time="6.829" errors="0" timestamp="2022-01-26T16:49:25 EST" skipped="0">
  <testcase classname="com.smms.testCases.SMMS_LoginTest_01" name="LoginToSMMS" time="6.829"/>
  <system-out/>
</testsuite> <!-- com.smms.testCases.SMMS_LoginTest_01 -->
