<?xml version="1.0" encoding="UTF-8"?>
<!-- Generated by org.testng.reporters.JUnitReportReporter -->
<testsuite hostname="TIBERCTRVM11" failures="0" tests="1" name="com.smms.testCases.CLI_WorkBuckets_i_and_ii_ClickingOnAllLinksAndSeePanel2opensAndMatchCounts" time="216.640" errors="0" timestamp="2022-01-06T00:51:51 EST" skipped="0">
  <testcase classname="com.smms.testCases.CLI_WorkBuckets_i_and_ii_ClickingOnAllLinksAndSeePanel2opensAndMatchCounts" name="sample" time="216.640"/>
  <system-out/>
</testsuite> <!-- com.smms.testCases.CLI_WorkBuckets_i_and_ii_ClickingOnAllLinksAndSeePanel2opensAndMatchCounts -->
